{"numTotalTestSuites":48,"numPassedTestSuites":48,"numFailedTestSuites":0,"numPendingTestSuites":0,"numTotalTests":78,"numPassedTests":78,"numFailedTests":0,"numPendingTests":0,"numTodoTests":0,"snapshot":{"added":0,"failure":false,"filesAdded":0,"filesRemoved":0,"filesRemovedList":[],"filesUnmatched":0,"filesUpdated":0,"matched":0,"total":0,"unchecked":0,"uncheckedKeysByFile":[],"unmatched":0,"updated":0,"didUpdate":false},"startTime":1786732279448,"success":true,"testResults":[{"assertionResults":[{"ancestorTitles":["translation coverage"],"fullName":"translation coverage keeps Italian, Arabic, Romanian and Albanian keys aligned with English","status":"passed","title":"keeps Italian, Arabic, Romanian and Albanian keys aligned with English","duration":40.28859999999986,"failureMessages":[],"meta":{},"tags":[]},{"ancestorTitles":["translation coverage"],"fullName":"translation coverage rejects duplicate leaf keys when page catalogs are combined","status":"passed","title":"rejects duplicate leaf keys when page catalogs are combined","duration":3.114800000001196,"failureMessages":[],"meta":{},"tags":[]}],"startTime":1786732295021,"endTime":1786732295065.1147,"status":"passed","message":"","name":"E:/Projects/Buildlinks/buildlinks-code/website/src/i18n/messages.test.ts"},{"assertionResults":[{"ancestorTitles":["locale route helpers"],"fullName":"locale route helpers detects and replaces supported locale prefixes","status":"passed","title":"detects and replaces supported locale prefixes","duration":4.900699999999233,"failureMessages":[],"meta":{},"tags":[]},{"ancestorTitles":["locale route helpers"],"fullName":"locale route helpers rejects unsafe return locations","status":"passed","title":"rejects unsafe return locations","duration":1.303899999999885,"failureMessages":[],"meta":{},"tags":[]},{"ancestorTitles":["locale route helpers"],"fullName":"locale route helpers strips locale prefixes for next-intl links","status":"passed","title":"strips locale prefixes for next-intl links","duration":1.0919000000003507,"failureMessages":[],"meta":{},"tags":[]}],"startTime":1786732300596,"endTime":1786732300604.0918,"status":"passed","message":"","name":"E:/Projects/Buildlinks/buildlinks-code/website/src/i18n/route-utils.test.ts"},{"assertionResults":[{"ancestorTitles":["PublicAuthControls"],"fullName":"PublicAuthControls shows login and registration buttons when signed out","status":"passed","title":"shows login and registration buttons when signed out","duration":1132.0454999999993,"failureMessages":[],"meta":{},"tags":[]},{"ancestorTitles":["PublicAuthControls"],"fullName":"PublicAuthControls shows the signed-in user menu with initials fallback","status":"passed","title":"shows the signed-in user menu with initials fallback","duration":1310.8536999999997,"failureMessages":[],"meta":{},"tags":[]}],"startTime":1786732286952,"endTime":1786732289395.8538,"status":"passed","message":"","name":"E:/Projects/Buildlinks/buildlinks-code/website/src/components/layout/public-auth-controls.test.tsx"},{"assertionResults":[{"ancestorTitles":["FileInput"],"fullName":"FileInput opens the native file picker directly from the user click","status":"passed","title":"opens the native file picker directly from the user click","duration":1340.2604000000001,"failureMessages":[],"meta":{},"tags":[]},{"ancestorTitles":["FileInput"],"fullName":"FileInput returns the selected document","status":"passed","title":"returns the selected document","duration":278.9974000000002,"failureMessages":[],"meta":{},"tags":[]}],"startTime":1786732286375,"endTime":1786732287993.9973,"status":"passed","message":"","name":"E:/Projects/Buildlinks/buildlinks-code/website/src/components/ui/file-input.test.tsx"},{"assertionResults":[{"ancestorTitles":["getSignedInDestination"],"fullName":"getSignedInDestination routes approved users to the dashboard by default","status":"passed","title":"routes approved users to the dashboard by default","duration":4.975400000000263,"failureMessages":[],"meta":{},"tags":[]},{"ancestorTitles":["getSignedInDestination"],"fullName":"getSignedInDestination preserves a safe return path for approved users","status":"passed","title":"preserves a safe return path for approved users","duration":1.0787000000000262,"failureMessages":[],"meta":{},"tags":[]},{"ancestorTitles":["getSignedInDestination"],"fullName":"getSignedInDestination does not send approved users back into onboarding","status":"passed","title":"does not send approved users back into onboarding","duration":0.647899999999936,"failureMessages":[],"meta":{},"tags":[]},{"ancestorTitles":["getSignedInDestination"],"fullName":"getSignedInDestination routes pending review users to the pending screen","status":"passed","title":"routes pending review users to the pending screen","duration":0.5646000000006097,"failureMessages":[],"meta":{},"tags":[]},{"ancestorTitles":["getSignedInDestination"],"fullName":"getSignedInDestination routes onboarding users back into profile setup","status":"passed","title":"routes onboarding users back into profile setup","duration":0.6129000000000815,"failureMessages":[],"meta":{},"tags":[]},{"ancestorTitles":["getSignedInDestination"],"fullName":"getSignedInDestination routes rejected and restricted users to their dedicated screens","status":"passed","title":"routes rejected and restricted users to their dedicated screens","duration":0.8207000000002154,"failureMessages":[],"meta":{},"tags":[]},{"ancestorTitles":["getSignedInDestination"],"fullName":"getSignedInDestination treats approved portal access as dashboard-ready","status":"passed","title":"treats approved portal access as dashboard-ready","duration":1.7233000000005632,"failureMessages":[],"meta":{},"tags":[]}],"startTime":1786732299672,"endTime":1786732299682.7234,"status":"passed","message":"","name":"E:/Projects/Buildlinks/buildlinks-code/website/src/lib/auth/destination.test.ts"},{"assertionResults":[{"ancestorTitles":["resolvePublicOriginFromHeaders"],"fullName":"resolvePublicOriginFromHeaders prefers forwarded host and protocol","status":"passed","title":"prefers forwarded host and protocol","duration":9.22819999999956,"failureMessages":[],"meta":{},"tags":[]},{"ancestorTitles":["resolvePublicOriginFromHeaders"],"fullName":"resolvePublicOriginFromHeaders prefers the request origin over a localhost host fallback","status":"passed","title":"prefers the request origin over a localhost host fallback","duration":8.4399999999996,"failureMessages":[],"meta":{},"tags":[]},{"ancestorTitles":["resolvePublicOriginFromHeaders"],"fullName":"resolvePublicOriginFromHeaders falls back to referer when origin is missing","status":"passed","title":"falls back to referer when origin is missing","duration":7.373500000000604,"failureMessages":[],"meta":{},"tags":[]},{"ancestorTitles":["resolvePublicOriginFromHeaders"],"fullName":"resolvePublicOriginFromHeaders falls back to the Vercel production domain before the site env","status":"passed","title":"falls back to the Vercel production domain before the site env","duration":2.2039999999997235,"failureMessages":[],"meta":{},"tags":[]},{"ancestorTitles":["resolvePublicOriginFromHeaders"],"fullName":"resolvePublicOriginFromHeaders falls back to the configured site url when request headers are unavailable","status":"passed","title":"falls back to the configured site url when request headers are unavailable","duration":0.9183999999995649,"failureMessages":[],"meta":{},"tags":[]},{"ancestorTitles":["resolvePublicOriginFromHeaders"],"fullName":"resolvePublicOriginFromHeaders keeps localhost only as the final fallback","status":"passed","title":"keeps localhost only as the final fallback","duration":0.6100999999998749,"failureMessages":[],"meta":{},"tags":[]}],"startTime":1786732300499,"endTime":1786732300529.61,"status":"passed","message":"","name":"E:/Projects/Buildlinks/buildlinks-code/website/src/lib/url/public-origin.test.ts"},{"assertionResults":[{"ancestorTitles":["account type mapping"],"fullName":"account type mapping maps legacy profile types onto the five account types","status":"passed","title":"maps legacy profile types onto the five account types","duration":8.029199999999946,"failureMessages":[],"meta":{},"tags":[]},{"ancestorTitles":["account type mapping"],"fullName":"account type mapping prefers a stored primary account type during dual-read","status":"passed","title":"prefers a stored primary account type during dual-read","duration":1.1811999999999898,"failureMessages":[],"meta":{},"tags":[]},{"ancestorTitles":["account type mapping"],"fullName":"account type mapping stores new onboarding choices on compatible legacy profile types","status":"passed","title":"stores new onboarding choices on compatible legacy profile types","duration":1.1543000000001484,"failureMessages":[],"meta":{},"tags":[]},{"ancestorTitles":["account type mapping"],"fullName":"account type mapping requires company association only for Company accounts","status":"passed","title":"requires company association only for Company accounts","duration":0.9200000000000728,"failureMessages":[],"meta":{},"tags":[]}],"startTime":1786732300373,"endTime":1786732300383.92,"status":"passed","message":"","name":"E:/Projects/Buildlinks/buildlinks-code/website/src/shared/lib/account-type-mapping.test.ts"},{"assertionResults":[{"ancestorTitles":["mapRegistrationError"],"fullName":"mapRegistrationError maps existing accounts without showing a login-password error","status":"passed","title":"maps existing accounts without showing a login-password error","duration":9.232700000000477,"failureMessages":[],"meta":{},"tags":[]},{"ancestorTitles":["mapRegistrationError"],"fullName":"mapRegistrationError identifies confirmation-email delivery failures","status":"passed","title":"identifies confirmation-email delivery failures","duration":0.9524000000001251,"failureMessages":[],"meta":{},"tags":[]},{"ancestorTitles":["mapRegistrationError"],"fullName":"mapRegistrationError maps Supabase rate limits to actionable registration errors","status":"passed","title":"maps Supabase rate limits to actionable registration errors","duration":0.8476999999993495,"failureMessages":[],"meta":{},"tags":[]}],"startTime":1786732300576,"endTime":1786732300586.8477,"status":"passed","message":"","name":"E:/Projects/Buildlinks/buildlinks-code/website/src/features/auth/actions/auth-errors.test.ts"},{"assertionResults":[{"ancestorTitles":["PasswordInput"],"fullName":"PasswordInput toggles password visibility with an accessible control","status":"passed","title":"toggles password visibility with an accessible control","duration":1496.5460999999996,"failureMessages":[],"meta":{},"tags":[]}],"startTime":1786732287041,"endTime":1786732288537.5461,"status":"passed","message":"","name":"E:/Projects/Buildlinks/buildlinks-code/website/src/features/auth/components/password-input.test.tsx"},{"assertionResults":[{"ancestorTitles":["RegisterForm"],"fullName":"RegisterForm shows a registration email error instead of invalid credentials","status":"passed","title":"shows a registration email error instead of invalid credentials","duration":3898.889,"failureMessages":[],"meta":{},"tags":[]},{"ancestorTitles":["RegisterForm"],"fullName":"RegisterForm shows a countdown and disables submission while rate limited","status":"passed","title":"shows a countdown and disables submission while rate limited","duration":2659.1366,"failureMessages":[],"meta":{},"tags":[]}],"startTime":1786732287613,"endTime":1786732294171.1367,"status":"passed","message":"","name":"E:/Projects/Buildlinks/buildlinks-code/website/src/features/auth/components/register-form.test.tsx"},{"assertionResults":[{"ancestorTitles":["auth schemas"],"fullName":"auth schemas accepts a valid login","status":"passed","title":"accepts a valid login","duration":10.445800000000418,"failureMessages":[],"meta":{},"tags":[]},{"ancestorTitles":["auth schemas"],"fullName":"auth schemas requires strong matching registration passwords and consent","status":"passed","title":"requires strong matching registration passwords and consent","duration":7.40059999999994,"failureMessages":[],"meta":{},"tags":[]}],"startTime":1786732294695,"endTime":1786732294713.4006,"status":"passed","message":"","name":"E:/Projects/Buildlinks/buildlinks-code/website/src/features/auth/schemas/auth.schemas.test.ts"},{"assertionResults":[{"ancestorTitles":["PublicHeroActions"],"fullName":"PublicHeroActions shows auth calls to action when signed out","status":"passed","title":"shows auth calls to action when signed out","duration":1306.1014999999998,"failureMessages":[],"meta":{},"tags":[]},{"ancestorTitles":["PublicHeroActions"],"fullName":"PublicHeroActions hides auth calls to action for signed-in onboarding users","status":"passed","title":"hides auth calls to action for signed-in onboarding users","duration":131.47940000000017,"failureMessages":[],"meta":{},"tags":[]}],"startTime":1786732286387,"endTime":1786732287825.4795,"status":"passed","message":"","name":"E:/Projects/Buildlinks/buildlinks-code/website/src/features/home/components/public-hero-actions.test.tsx"},{"assertionResults":[{"ancestorTitles":["capability-aware portal routes"],"fullName":"capability-aware portal routes shows persona modules without platform-admin permissions","status":"passed","title":"shows persona modules without platform-admin permissions","duration":12.57549999999992,"failureMessages":[],"meta":{},"tags":[]},{"ancestorTitles":["capability-aware portal routes"],"fullName":"capability-aware portal routes accepts record detail paths and rejects unknown or deeply nested paths","status":"passed","title":"accepts record detail paths and rejects unknown or deeply nested paths","duration":1.1240999999999985,"failureMessages":[],"meta":{},"tags":[]},{"ancestorTitles":["capability-aware portal routes"],"fullName":"capability-aware portal routes keeps remaining portal modules available to list and detail routes","status":"passed","title":"keeps remaining portal modules available to list and detail routes","duration":2.5560999999997875,"failureMessages":[],"meta":{},"tags":[]},{"ancestorTitles":["capability-aware portal routes"],"fullName":"capability-aware portal routes relabels offers as the bid board for subcontractors","status":"passed","title":"relabels offers as the bid board for subcontractors","duration":0.5541000000002896,"failureMessages":[],"meta":{},"tags":[]}],"startTime":1786732295425,"endTime":1786732295441.5562,"status":"passed","message":"","name":"E:/Projects/Buildlinks/buildlinks-code/website/src/features/dashboard/config/portal-routes.test.ts"},{"assertionResults":[{"ancestorTitles":["EntityDetailFields"],"fullName":"EntityDetailFields renders only the fields the portal DTO returned","status":"passed","title":"renders only the fields the portal DTO returned","duration":166.03459999999995,"failureMessages":[],"meta":{},"tags":[]},{"ancestorTitles":["EntityDetailFields"],"fullName":"EntityDetailFields still shows a placeholder when the DTO returned the field as empty","status":"passed","title":"still shows a placeholder when the DTO returned the field as empty","duration":15.70010000000002,"failureMessages":[],"meta":{},"tags":[]},{"ancestorTitles":["EntityDetailFields"],"fullName":"EntityDetailFields does not render an unknown field even when the DTO includes it","status":"passed","title":"does not render an unknown field even when the DTO includes it","duration":51.121900000000096,"failureMessages":[],"meta":{},"tags":[]}],"startTime":1786732285888,"endTime":1786732286121.1218,"status":"passed","message":"","name":"E:/Projects/Buildlinks/buildlinks-code/website/src/features/dashboard/components/entity-detail-fields.test.tsx"},{"assertionResults":[{"ancestorTitles":["dashboard repository"],"fullName":"dashboard repository builds account-only metrics from bootstrap counts","status":"passed","title":"builds account-only metrics from bootstrap counts","duration":11.039600000000064,"failureMessages":[],"meta":{},"tags":[]},{"ancestorTitles":["dashboard repository"],"fullName":"dashboard repository renders grouped server metrics instead of coarse counts when available","status":"passed","title":"renders grouped server metrics instead of coarse counts when available","duration":3.348399999999856,"failureMessages":[],"meta":{},"tags":[]},{"ancestorTitles":["dashboard repository"],"fullName":"dashboard repository omits grouped metrics the server did not return","status":"passed","title":"omits grouped metrics the server did not return","duration":1.2510000000002037,"failureMessages":[],"meta":{},"tags":[]},{"ancestorTitles":["dashboard repository"],"fullName":"dashboard repository sends workers to the workforce module for availability","status":"passed","title":"sends workers to the workforce module for availability","duration":0.7236000000002605,"failureMessages":[],"meta":{},"tags":[]},{"ancestorTitles":["dashboard repository"],"fullName":"dashboard repository gives subcontractors bid-board actions instead of project publish","status":"passed","title":"gives subcontractors bid-board actions instead of project publish","duration":0.6286000000000058,"failureMessages":[],"meta":{},"tags":[]}],"startTime":1786732295230,"endTime":1786732295247.6287,"status":"passed","message":"","name":"E:/Projects/Buildlinks/buildlinks-code/website/src/features/dashboard/data/dashboard.repository.test.ts"},{"assertionResults":[{"ancestorTitles":["shared marketplace field surface"],"fullName":"shared marketplace field surface never exposes moderation, reviewer or storage internals to the portal","status":"passed","title":"never exposes moderation, reviewer or storage internals to the portal","duration":7.5715000000000146,"failureMessages":[],"meta":{},"tags":[]},{"ancestorTitles":["shared marketplace field surface"],"fullName":"shared marketplace field surface keeps every portal-writable field readable so users can review what they set","status":"passed","title":"keeps every portal-writable field readable so users can review what they set","duration":0.9284999999999854,"failureMessages":[],"meta":{},"tags":[]},{"ancestorTitles":["shared marketplace field surface"],"fullName":"shared marketplace field surface derives the portal surface from the portal flags alone, independent of admin","status":"passed","title":"derives the portal surface from the portal flags alone, independent of admin","duration":4.399300000000039,"failureMessages":[],"meta":{},"tags":[]},{"ancestorTitles":["shared marketplace field surface"],"fullName":"shared marketplace field surface gives every entity a non-empty portal detail surface with unique keys","status":"passed","title":"gives every entity a non-empty portal detail surface with unique keys","duration":2.977799999999661,"failureMessages":[],"meta":{},"tags":[]},{"ancestorTitles":["shared marketplace field surface"],"fullName":"shared marketplace field surface lets the portal own fields the admin surface does not manage","status":"passed","title":"lets the portal own fields the admin surface does not manage","duration":0.7527000000000044,"failureMessages":[],"meta":{},"tags":[]}],"startTime":1786732294385,"endTime":1786732294402.7527,"status":"passed","message":"","name":"E:/Projects/Buildlinks/buildlinks-code/website/src/features/dashboard/lib/portal-field-surface.test.ts"},{"assertionResults":[{"ancestorTitles":["portal permission mirror"],"fullName":"portal permission mirror mirrors the backend company permission catalogue exactly","status":"passed","title":"mirrors the backend company permission catalogue exactly","duration":7.466099999999642,"failureMessages":[],"meta":{},"tags":[]},{"ancestorTitles":["portal permission mirror"],"fullName":"portal permission mirror mirrors permissionForOpportunityKind for every kind","status":"passed","title":"mirrors permissionForOpportunityKind for every kind","duration":1.436200000000099,"failureMessages":[],"meta":{},"tags":[]},{"ancestorTitles":["portal permission mirror"],"fullName":"portal permission mirror offers create when any single opportunity kind is permitted","status":"passed","title":"offers create when any single opportunity kind is permitted","duration":3.9155000000000655,"failureMessages":[],"meta":{},"tags":[]}],"startTime":1786732294741,"endTime":1786732294753.9155,"status":"passed","message":"","name":"E:/Projects/Buildlinks/buildlinks-code/website/src/features/dashboard/lib/portal-permissions.test.ts"},{"assertionResults":[{"ancestorTitles":["portalBrowserRequest"],"fullName":"portalBrowserRequest uses the same-origin portal boundary and validates successful data","status":"passed","title":"uses the same-origin portal boundary and validates successful data","duration":33.190700000000106,"failureMessages":[],"meta":{},"tags":[]},{"ancestorTitles":["portalBrowserRequest"],"fullName":"portalBrowserRequest normalizes permission failures without replacing them with empty data","status":"passed","title":"normalizes permission failures without replacing them with empty data","duration":5.4879000000000815,"failureMessages":[],"meta":{},"tags":[]},{"ancestorTitles":["portalBrowserRequest"],"fullName":"portalBrowserRequest rejects response data that violates its domain contract","status":"passed","title":"rejects response data that violates its domain contract","duration":4.498999999999796,"failureMessages":[],"meta":{},"tags":[]},{"ancestorTitles":["portalBrowserRequest"],"fullName":"portalBrowserRequest fails closed before fetching disallowed backend paths","status":"passed","title":"fails closed before fetching disallowed backend paths","duration":1.6339000000007218,"failureMessages":[],"meta":{},"tags":[]}],"startTime":1786732286627,"endTime":1786732286671.6338,"status":"passed","message":"","name":"E:/Projects/Buildlinks/buildlinks-code/website/src/features/dashboard/query/portal-browser-api.test.ts"},{"assertionResults":[{"ancestorTitles":["identity and company portal contracts"],"fullName":"identity and company portal contracts requires the complete profile visibility response","status":"passed","title":"requires the complete profile visibility response","duration":11.716300000000047,"failureMessages":[],"meta":{},"tags":[]},{"ancestorTitles":["identity and company portal contracts"],"fullName":"identity and company portal contracts keeps all company visibility decisions typed","status":"passed","title":"keeps all company visibility decisions typed","duration":3.6961999999994077,"failureMessages":[],"meta":{},"tags":[]},{"ancestorTitles":["identity and company portal contracts"],"fullName":"identity and company portal contracts rejects non-positive stale versions for member updates","status":"passed","title":"rejects non-positive stale versions for member updates","duration":3.7503999999998996,"failureMessages":[],"meta":{},"tags":[]},{"ancestorTitles":["identity and company portal contracts"],"fullName":"identity and company portal contracts PAL-00654/PAL-00655 keeps project coordinates paired","status":"passed","title":"PAL-00654/PAL-00655 keeps project coordinates paired","duration":8.03269999999975,"failureMessages":[],"meta":{},"tags":[]},{"ancestorTitles":["identity and company portal contracts"],"fullName":"identity and company portal contracts PAL-00738 keeps scored project criteria normalized","status":"passed","title":"PAL-00738 keeps scored project criteria normalized","duration":2.569300000000112,"failureMessages":[],"meta":{},"tags":[]}],"startTime":1786732294329,"endTime":1786732294358.5693,"status":"passed","message":"","name":"E:/Projects/Buildlinks/buildlinks-code/website/src/features/dashboard/query/portal-contracts.test.ts"},{"assertionResults":[{"ancestorTitles":["AssetPreviewDialog"],"fullName":"AssetPreviewDialog renders an uploaded image in a full-screen preview","status":"passed","title":"renders an uploaded image in a full-screen preview","duration":2027.6485000000002,"failureMessages":[],"meta":{},"tags":[]},{"ancestorTitles":["AssetPreviewDialog"],"fullName":"AssetPreviewDialog embeds an uploaded PDF in the preview","status":"passed","title":"embeds an uploaded PDF in the preview","duration":501.85410000000047,"failureMessages":[],"meta":{},"tags":[]}],"startTime":1786732286407,"endTime":1786732288936.854,"status":"passed","message":"","name":"E:/Projects/Buildlinks/buildlinks-code/website/src/features/onboarding/components/asset-preview-dialog.test.tsx"},{"assertionResults":[{"ancestorTitles":["CategoryPicker"],"fullName":"CategoryPicker enables and selects a subcategory after its parent is selected","status":"passed","title":"enables and selects a subcategory after its parent is selected","duration":3171.7099,"failureMessages":[],"meta":{},"tags":[]},{"ancestorTitles":["CategoryPicker"],"fullName":"CategoryPicker restores a previously saved subcategory","status":"passed","title":"restores a previously saved subcategory","duration":159.8775000000005,"failureMessages":[],"meta":{},"tags":[]}],"startTime":1786732286674,"endTime":1786732290005.8774,"status":"passed","message":"","name":"E:/Projects/Buildlinks/buildlinks-code/website/src/features/onboarding/components/category-picker.test.tsx"},{"assertionResults":[{"ancestorTitles":["DocumentsForm"],"fullName":"DocumentsForm opens a fresh metadata form when adding another document","status":"passed","title":"opens a fresh metadata form when adding another document","duration":845.8868999999977,"failureMessages":[],"meta":{},"tags":[]},{"ancestorTitles":["DocumentsForm"],"fullName":"DocumentsForm reopens the document editor after the final document is deleted","status":"passed","title":"reopens the document editor after the final document is deleted","duration":305.54889999999796,"failureMessages":[],"meta":{},"tags":[]}],"startTime":1786732302263,"endTime":1786732303414.5488,"status":"passed","message":"","name":"E:/Projects/Buildlinks/buildlinks-code/website/src/features/onboarding/components/documents-form.test.tsx"},{"assertionResults":[{"ancestorTitles":["RoleSelection"],"fullName":"RoleSelection shows the five current account types and hides legacy profile types","status":"passed","title":"shows the five current account types and hides legacy profile types","duration":1761.572399999999,"failureMessages":[],"meta":{},"tags":[]},{"ancestorTitles":["RoleSelection"],"fullName":"RoleSelection saves the selected account type","status":"passed","title":"saves the selected account type","duration":755.6126000000004,"failureMessages":[],"meta":{},"tags":[]},{"ancestorTitles":["RoleSelection"],"fullName":"RoleSelection locks the invited account type mapped from a legacy profile type","status":"passed","title":"locks the invited account type mapped from a legacy profile type","duration":214.82370000000083,"failureMessages":[],"meta":{},"tags":[]}],"startTime":1786732293707,"endTime":1786732296439.8237,"status":"passed","message":"","name":"E:/Projects/Buildlinks/buildlinks-code/website/src/features/onboarding/components/role-selection.test.tsx"},{"assertionResults":[{"ancestorTitles":["onboarding schemas"],"fullName":"onboarding schemas validates profile payloads for the five current account types","status":"passed","title":"validates profile payloads for the five current account types","duration":25.737599999999475,"failureMessages":[],"meta":{},"tags":[]},{"ancestorTitles":["onboarding schemas"],"fullName":"onboarding schemas keeps invited supplier payloads on the company account type","status":"passed","title":"keeps invited supplier payloads on the company account type","duration":2.5284999999994398,"failureMessages":[],"meta":{},"tags":[]},{"ancestorTitles":["onboarding schemas"],"fullName":"onboarding schemas requires normalized phone and document metadata","status":"passed","title":"requires normalized phone and document metadata","duration":5.03269999999975,"failureMessages":[],"meta":{},"tags":[]},{"ancestorTitles":["onboarding schemas"],"fullName":"onboarding schemas accepts join and claim association fields for company personas","status":"passed","title":"accepts join and claim association fields for company personas","duration":1.2883999999994558,"failureMessages":[],"meta":{},"tags":[]}],"startTime":1786732293242,"endTime":1786732293277.2883,"status":"passed","message":"","name":"E:/Projects/Buildlinks/buildlinks-code/website/src/features/onboarding/schemas/onboarding.schemas.test.ts"}]}